Determining if the pthread_create exist failed with the following output:
Change Dir: /home/husarion/catkin_ws/build/roscpp/CMakeFiles/CMakeTmp

Run Build Command:"/usr/bin/make" "cmTC_0ded8/fast"
/usr/bin/make -f CMakeFiles/cmTC_0ded8.dir/build.make CMakeFiles/cmTC_0ded8.dir/build
make[1]: Entering directory '/home/husarion/catkin_ws/build/roscpp/CMakeFiles/CMakeTmp'
Building C object CMakeFiles/cmTC_0ded8.dir/CheckSymbolExists.c.o
/usr/bin/cc    -o CMakeFiles/cmTC_0ded8.dir/CheckSymbolExists.c.o   -c /home/husarion/catkin_ws/build/roscpp/CMakeFiles/CMakeTmp/CheckSymbolExists.c
Linking C executable cmTC_0ded8
/usr/bin/cmake -E cmake_link_script CMakeFiles/cmTC_0ded8.dir/link.txt --verbose=1
/usr/bin/cc      -rdynamic CMakeFiles/cmTC_0ded8.dir/CheckSymbolExists.c.o  -o cmTC_0ded8 
CMakeFiles/cmTC_0ded8.dir/CheckSymbolExists.c.o: In function `main':
CheckSymbolExists.c:(.text+0x2c): undefined reference to `pthread_create'
collect2: error: ld returned 1 exit status
CMakeFiles/cmTC_0ded8.dir/build.make:97: recipe for target 'cmTC_0ded8' failed
make[1]: *** [cmTC_0ded8] Error 1
make[1]: Leaving directory '/home/husarion/catkin_ws/build/roscpp/CMakeFiles/CMakeTmp'
Makefile:126: recipe for target 'cmTC_0ded8/fast' failed
make: *** [cmTC_0ded8/fast] Error 2

File /home/husarion/catkin_ws/build/roscpp/CMakeFiles/CMakeTmp/CheckSymbolExists.c:
/* */
#include <pthread.h>

int main(int argc, char** argv)
{
  (void)argv;
#ifndef pthread_create
  return ((int*)(&pthread_create))[argc];
#else
  (void)argc;
  return 0;
#endif
}

Determining if the function pthread_create exists in the pthreads failed with the following output:
Change Dir: /home/husarion/catkin_ws/build/roscpp/CMakeFiles/CMakeTmp

Run Build Command:"/usr/bin/make" "cmTC_69d9e/fast"
/usr/bin/make -f CMakeFiles/cmTC_69d9e.dir/build.make CMakeFiles/cmTC_69d9e.dir/build
make[1]: Entering directory '/home/husarion/catkin_ws/build/roscpp/CMakeFiles/CMakeTmp'
Building C object CMakeFiles/cmTC_69d9e.dir/CheckFunctionExists.c.o
/usr/bin/cc   -DCHECK_FUNCTION_EXISTS=pthread_create   -o CMakeFiles/cmTC_69d9e.dir/CheckFunctionExists.c.o   -c /usr/share/cmake-3.10/Modules/CheckFunctionExists.c
Linking C executable cmTC_69d9e
/usr/bin/cmake -E cmake_link_script CMakeFiles/cmTC_69d9e.dir/link.txt --verbose=1
/usr/bin/cc  -DCHECK_FUNCTION_EXISTS=pthread_create    -rdynamic CMakeFiles/cmTC_69d9e.dir/CheckFunctionExists.c.o  -o cmTC_69d9e -lpthreads 
/usr/bin/ld: cannot find -lpthreads
collect2: error: ld returned 1 exit status
CMakeFiles/cmTC_69d9e.dir/build.make:97: recipe for target 'cmTC_69d9e' failed
make[1]: *** [cmTC_69d9e] Error 1
make[1]: Leaving directory '/home/husarion/catkin_ws/build/roscpp/CMakeFiles/CMakeTmp'
Makefile:126: recipe for target 'cmTC_69d9e/fast' failed
make: *** [cmTC_69d9e/fast] Error 2


Determining if the function trunc exists failed with the following output:
Change Dir: /home/husarion/catkin_ws/build/roscpp/CMakeFiles/CMakeTmp

Run Build Command:"/usr/bin/make" "cmTC_0524f/fast"
/usr/bin/make -f CMakeFiles/cmTC_0524f.dir/build.make CMakeFiles/cmTC_0524f.dir/build
make[1]: Entering directory '/home/husarion/catkin_ws/build/roscpp/CMakeFiles/CMakeTmp'
Building C object CMakeFiles/cmTC_0524f.dir/CheckFunctionExists.c.o
/usr/bin/cc   -DCHECK_FUNCTION_EXISTS=trunc   -o CMakeFiles/cmTC_0524f.dir/CheckFunctionExists.c.o   -c /usr/share/cmake-3.10/Modules/CheckFunctionExists.c
<command-line>:0:23: warning: conflicting types for built-in function 'trunc' [-Wbuiltin-declaration-mismatch]
/usr/share/cmake-3.10/Modules/CheckFunctionExists.c:7:3: note: in expansion of macro 'CHECK_FUNCTION_EXISTS'
   CHECK_FUNCTION_EXISTS(void);
   ^~~~~~~~~~~~~~~~~~~~~
Linking C executable cmTC_0524f
/usr/bin/cmake -E cmake_link_script CMakeFiles/cmTC_0524f.dir/link.txt --verbose=1
/usr/bin/cc  -DCHECK_FUNCTION_EXISTS=trunc    -rdynamic CMakeFiles/cmTC_0524f.dir/CheckFunctionExists.c.o  -o cmTC_0524f 
CMakeFiles/cmTC_0524f.dir/CheckFunctionExists.c.o: In function `main':
CheckFunctionExists.c:(.text+0xa): undefined reference to `trunc'
collect2: error: ld returned 1 exit status
CMakeFiles/cmTC_0524f.dir/build.make:97: recipe for target 'cmTC_0524f' failed
make[1]: *** [cmTC_0524f] Error 1
make[1]: Leaving directory '/home/husarion/catkin_ws/build/roscpp/CMakeFiles/CMakeTmp'
Makefile:126: recipe for target 'cmTC_0524f/fast' failed
make: *** [cmTC_0524f/fast] Error 2


